{"C:\\Users\\NEST\\Documents\\daikin-api\\config\\sequelize.js": {"path":"C:\\Users\\NEST\\Documents\\daikin-api\\config\\sequelize.js","statementMap":{"0":{"start":{"line":1,"column":17},"end":{"line":60,"column":1}},"1":{"start":{"line":62,"column":0},"end":{"line":62,"column":25}}},"fnMap":{},"branchMap":{},"s":{"0":1,"1":1},"f":{},"b":{},"_coverageSchema":"1a1c01bbd47fc00a2c39e90264f33305004495a9","hash":"bb65c9664fd9a06442cec4e9af8f4c01c7314d25"}
,"C:\\Users\\NEST\\Documents\\daikin-api\\constants\\index.js": {"path":"C:\\Users\\NEST\\Documents\\daikin-api\\constants\\index.js","statementMap":{"0":{"start":{"line":1,"column":0},"end":{"line":8,"column":1}}},"fnMap":{},"branchMap":{},"s":{"0":1},"f":{},"b":{},"_coverageSchema":"1a1c01bbd47fc00a2c39e90264f33305004495a9","hash":"ca0f4ad9fb38818920c6753d4f76f5ad98d4fa21"}
,"C:\\Users\\NEST\\Documents\\daikin-api\\constants\\log.js": {"path":"C:\\Users\\NEST\\Documents\\daikin-api\\constants\\log.js","statementMap":{"0":{"start":{"line":1,"column":0},"end":{"line":52,"column":1}}},"fnMap":{},"branchMap":{},"s":{"0":1},"f":{},"b":{},"_coverageSchema":"1a1c01bbd47fc00a2c39e90264f33305004495a9","hash":"5ebb489961586da5e54de158c199c39d7b5de373"}
,"C:\\Users\\NEST\\Documents\\daikin-api\\controllers\\modelController.js": {"path":"C:\\Users\\NEST\\Documents\\daikin-api\\controllers\\modelController.js","statementMap":{"0":{"start":{"line":1,"column":15},"end":{"line":1,"column":35}},"1":{"start":{"line":2,"column":33},"end":{"line":2,"column":39}},"2":{"start":{"line":3,"column":15},"end":{"line":3,"column":24}},"3":{"start":{"line":4,"column":53},"end":{"line":4,"column":59}},"4":{"start":{"line":5,"column":71},"end":{"line":5,"column":100}},"5":{"start":{"line":6,"column":11},"end":{"line":6,"column":33}},"6":{"start":{"line":8,"column":38},"end":{"line":8,"column":65}},"7":{"start":{"line":9,"column":24},"end":{"line":9,"column":56}},"8":{"start":{"line":10,"column":32},"end":{"line":10,"column":64}},"9":{"start":{"line":11,"column":22},"end":{"line":11,"column":47}},"10":{"start":{"line":12,"column":71},"end":{"line":12,"column":98}},"11":{"start":{"line":14,"column":0},"end":{"line":259,"column":1}},"12":{"start":{"line":16,"column":23},"end":{"line":22,"column":3}},"13":{"start":{"line":23,"column":2},"end":{"line":78,"column":3}},"14":{"start":{"line":24,"column":21},"end":{"line":24,"column":51}},"15":{"start":{"line":25,"column":22},"end":{"line":25,"column":51}},"16":{"start":{"line":27,"column":20},"end":{"line":27,"column":22}},"17":{"start":{"line":28,"column":3},"end":{"line":30,"column":4}},"18":{"start":{"line":29,"column":4},"end":{"line":29,"column":106}},"19":{"start":{"line":31,"column":3},"end":{"line":74,"column":4}},"20":{"start":{"line":32,"column":25},"end":{"line":52,"column":6}},"21":{"start":{"line":53,"column":4},"end":{"line":53,"column":41}},"22":{"start":{"line":54,"column":4},"end":{"line":54,"column":53}},"23":{"start":{"line":55,"column":4},"end":{"line":55,"column":56}},"24":{"start":{"line":57,"column":25},"end":{"line":70,"column":6}},"25":{"start":{"line":71,"column":4},"end":{"line":71,"column":41}},"26":{"start":{"line":72,"column":4},"end":{"line":72,"column":53}},"27":{"start":{"line":73,"column":4},"end":{"line":73,"column":56}},"28":{"start":{"line":75,"column":3},"end":{"line":75,"column":25}},"29":{"start":{"line":77,"column":3},"end":{"line":77,"column":58}},"30":{"start":{"line":81,"column":2},"end":{"line":87,"column":3}},"31":{"start":{"line":82,"column":20},"end":{"line":82,"column":41}},"32":{"start":{"line":84,"column":3},"end":{"line":84,"column":32}},"33":{"start":{"line":86,"column":3},"end":{"line":86,"column":27}},"34":{"start":{"line":90,"column":2},"end":{"line":132,"column":3}},"35":{"start":{"line":91,"column":15},"end":{"line":91,"column":39}},"36":{"start":{"line":92,"column":27},"end":{"line":92,"column":35}},"37":{"start":{"line":93,"column":3},"end":{"line":110,"column":4}},"38":{"start":{"line":94,"column":18},"end":{"line":94,"column":50}},"39":{"start":{"line":95,"column":4},"end":{"line":109,"column":5}},"40":{"start":{"line":96,"column":5},"end":{"line":101,"column":6}},"41":{"start":{"line":97,"column":6},"end":{"line":97,"column":32}},"42":{"start":{"line":98,"column":6},"end":{"line":98,"column":34}},"43":{"start":{"line":99,"column":6},"end":{"line":99,"column":27}},"44":{"start":{"line":100,"column":6},"end":{"line":100,"column":24}},"45":{"start":{"line":103,"column":5},"end":{"line":108,"column":7}},"46":{"start":{"line":112,"column":24},"end":{"line":114,"column":5}},"47":{"start":{"line":115,"column":3},"end":{"line":118,"column":4}},"48":{"start":{"line":116,"column":4},"end":{"line":116,"column":39}},"49":{"start":{"line":117,"column":4},"end":{"line":117,"column":32}},"50":{"start":{"line":119,"column":3},"end":{"line":121,"column":4}},"51":{"start":{"line":120,"column":4},"end":{"line":120,"column":27}},"52":{"start":{"line":122,"column":3},"end":{"line":125,"column":5}},"53":{"start":{"line":127,"column":3},"end":{"line":127,"column":46}},"54":{"start":{"line":129,"column":3},"end":{"line":129,"column":24}},"55":{"start":{"line":131,"column":3},"end":{"line":131,"column":39}},"56":{"start":{"line":135,"column":2},"end":{"line":185,"column":3}},"57":{"start":{"line":136,"column":15},"end":{"line":136,"column":39}},"58":{"start":{"line":137,"column":18},"end":{"line":137,"column":28}},"59":{"start":{"line":138,"column":43},"end":{"line":138,"column":51}},"60":{"start":{"line":139,"column":17},"end":{"line":139,"column":41}},"61":{"start":{"line":140,"column":3},"end":{"line":142,"column":4}},"62":{"start":{"line":141,"column":4},"end":{"line":141,"column":35}},"63":{"start":{"line":143,"column":3},"end":{"line":145,"column":4}},"64":{"start":{"line":144,"column":4},"end":{"line":144,"column":34}},"65":{"start":{"line":147,"column":22},"end":{"line":149,"column":5}},"66":{"start":{"line":150,"column":3},"end":{"line":152,"column":4}},"67":{"start":{"line":150,"column":29},"end":{"line":150,"column":41}},"68":{"start":{"line":150,"column":52},"end":{"line":150,"column":63}},"69":{"start":{"line":151,"column":4},"end":{"line":151,"column":37}},"70":{"start":{"line":153,"column":20},"end":{"line":153,"column":64}},"71":{"start":{"line":153,"column":41},"end":{"line":153,"column":63}},"72":{"start":{"line":154,"column":3},"end":{"line":156,"column":4}},"73":{"start":{"line":155,"column":4},"end":{"line":155,"column":37}},"74":{"start":{"line":157,"column":17},"end":{"line":163,"column":5}},"75":{"start":{"line":165,"column":25},"end":{"line":165,"column":26}},"76":{"start":{"line":166,"column":3},"end":{"line":171,"column":4}},"77":{"start":{"line":167,"column":17},"end":{"line":167,"column":25}},"78":{"start":{"line":168,"column":4},"end":{"line":168,"column":31}},"79":{"start":{"line":169,"column":4},"end":{"line":169,"column":39}},"80":{"start":{"line":170,"column":4},"end":{"line":170,"column":24}},"81":{"start":{"line":173,"column":3},"end":{"line":179,"column":5}},"82":{"start":{"line":181,"column":3},"end":{"line":181,"column":43}},"83":{"start":{"line":182,"column":3},"end":{"line":182,"column":24}},"84":{"start":{"line":184,"column":3},"end":{"line":184,"column":39}},"85":{"start":{"line":188,"column":2},"end":{"line":206,"column":3}},"86":{"start":{"line":189,"column":15},"end":{"line":189,"column":39}},"87":{"start":{"line":190,"column":20},"end":{"line":194,"column":5}},"88":{"start":{"line":195,"column":3},"end":{"line":197,"column":4}},"89":{"start":{"line":196,"column":4},"end":{"line":196,"column":32}},"90":{"start":{"line":198,"column":20},"end":{"line":198,"column":55}},"91":{"start":{"line":199,"column":3},"end":{"line":199,"column":109}},"92":{"start":{"line":200,"column":12},"end":{"line":200,"column":104}},"93":{"start":{"line":201,"column":3},"end":{"line":201,"column":66}},"94":{"start":{"line":202,"column":3},"end":{"line":202,"column":57}},"95":{"start":{"line":203,"column":3},"end":{"line":203,"column":40}},"96":{"start":{"line":205,"column":3},"end":{"line":205,"column":39}},"97":{"start":{"line":209,"column":2},"end":{"line":221,"column":3}},"98":{"start":{"line":210,"column":22},"end":{"line":210,"column":32}},"99":{"start":{"line":211,"column":16},"end":{"line":211,"column":48}},"100":{"start":{"line":212,"column":3},"end":{"line":214,"column":4}},"101":{"start":{"line":213,"column":4},"end":{"line":213,"column":32}},"102":{"start":{"line":215,"column":20},"end":{"line":215,"column":51}},"103":{"start":{"line":216,"column":3},"end":{"line":216,"column":115}},"104":{"start":{"line":217,"column":12},"end":{"line":217,"column":112}},"105":{"start":{"line":218,"column":3},"end":{"line":218,"column":40}},"106":{"start":{"line":220,"column":3},"end":{"line":220,"column":39}},"107":{"start":{"line":224,"column":2},"end":{"line":257,"column":3}},"108":{"start":{"line":225,"column":40},"end":{"line":225,"column":48}},"109":{"start":{"line":226,"column":21},"end":{"line":226,"column":48}},"110":{"start":{"line":227,"column":3},"end":{"line":229,"column":4}},"111":{"start":{"line":228,"column":4},"end":{"line":228,"column":35}},"112":{"start":{"line":230,"column":17},"end":{"line":235,"column":5}},"113":{"start":{"line":237,"column":3},"end":{"line":239,"column":4}},"114":{"start":{"line":238,"column":4},"end":{"line":238,"column":27}},"115":{"start":{"line":240,"column":16},"end":{"line":240,"column":24}},"116":{"start":{"line":242,"column":3},"end":{"line":250,"column":4}},"117":{"start":{"line":243,"column":4},"end":{"line":243,"column":26}},"118":{"start":{"line":245,"column":22},"end":{"line":245,"column":53}},"119":{"start":{"line":246,"column":19},"end":{"line":246,"column":47}},"120":{"start":{"line":247,"column":4},"end":{"line":247,"column":56}},"121":{"start":{"line":248,"column":4},"end":{"line":248,"column":26}},"122":{"start":{"line":249,"column":4},"end":{"line":249,"column":21}},"123":{"start":{"line":252,"column":3},"end":{"line":254,"column":5}},"124":{"start":{"line":256,"column":3},"end":{"line":256,"column":39}}},"fnMap":{"0":{"name":"(anonymous_0)","decl":{"start":{"line":15,"column":1},"end":{"line":15,"column":2}},"loc":{"start":{"line":15,"column":27},"end":{"line":79,"column":2}},"line":15},"1":{"name":"(anonymous_1)","decl":{"start":{"line":80,"column":1},"end":{"line":80,"column":2}},"loc":{"start":{"line":80,"column":22},"end":{"line":88,"column":2}},"line":80},"2":{"name":"(anonymous_2)","decl":{"start":{"line":89,"column":1},"end":{"line":89,"column":2}},"loc":{"start":{"line":89,"column":21},"end":{"line":133,"column":2}},"line":89},"3":{"name":"(anonymous_3)","decl":{"start":{"line":134,"column":1},"end":{"line":134,"column":2}},"loc":{"start":{"line":134,"column":22},"end":{"line":186,"column":2}},"line":134},"4":{"name":"(anonymous_4)","decl":{"start":{"line":150,"column":24},"end":{"line":150,"column":25}},"loc":{"start":{"line":150,"column":29},"end":{"line":150,"column":41}},"line":150},"5":{"name":"(anonymous_5)","decl":{"start":{"line":150,"column":47},"end":{"line":150,"column":48}},"loc":{"start":{"line":150,"column":52},"end":{"line":150,"column":63}},"line":150},"6":{"name":"(anonymous_6)","decl":{"start":{"line":153,"column":36},"end":{"line":153,"column":37}},"loc":{"start":{"line":153,"column":41},"end":{"line":153,"column":63}},"line":153},"7":{"name":"(anonymous_7)","decl":{"start":{"line":187,"column":1},"end":{"line":187,"column":2}},"loc":{"start":{"line":187,"column":31},"end":{"line":207,"column":2}},"line":187},"8":{"name":"(anonymous_8)","decl":{"start":{"line":208,"column":1},"end":{"line":208,"column":2}},"loc":{"start":{"line":208,"column":36},"end":{"line":222,"column":2}},"line":208},"9":{"name":"(anonymous_9)","decl":{"start":{"line":223,"column":1},"end":{"line":223,"column":2}},"loc":{"start":{"line":223,"column":34},"end":{"line":258,"column":2}},"line":223}},"branchMap":{"0":{"loc":{"start":{"line":24,"column":21},"end":{"line":24,"column":51}},"type":"binary-expr","locations":[{"start":{"line":24,"column":21},"end":{"line":24,"column":46}},{"start":{"line":24,"column":50},"end":{"line":24,"column":51}}],"line":24},"1":{"loc":{"start":{"line":25,"column":22},"end":{"line":25,"column":51}},"type":"binary-expr","locations":[{"start":{"line":25,"column":22},"end":{"line":25,"column":46}},{"start":{"line":25,"column":50},"end":{"line":25,"column":51}}],"line":25},"2":{"loc":{"start":{"line":28,"column":3},"end":{"line":30,"column":4}},"type":"if","locations":[{"start":{"line":28,"column":3},"end":{"line":30,"column":4}},{"start":{},"end":{}}],"line":28},"3":{"loc":{"start":{"line":31,"column":3},"end":{"line":74,"column":4}},"type":"if","locations":[{"start":{"line":31,"column":3},"end":{"line":74,"column":4}},{"start":{"line":56,"column":10},"end":{"line":74,"column":4}}],"line":31},"4":{"loc":{"start":{"line":95,"column":4},"end":{"line":109,"column":5}},"type":"if","locations":[{"start":{"line":95,"column":4},"end":{"line":109,"column":5}},{"start":{"line":102,"column":9},"end":{"line":109,"column":5}}],"line":95},"5":{"loc":{"start":{"line":96,"column":5},"end":{"line":101,"column":6}},"type":"if","locations":[{"start":{"line":96,"column":5},"end":{"line":101,"column":6}},{"start":{},"end":{}}],"line":96},"6":{"loc":{"start":{"line":96,"column":8},"end":{"line":96,"column":70}},"type":"binary-expr","locations":[{"start":{"line":96,"column":8},"end":{"line":96,"column":36}},{"start":{"line":96,"column":40},"end":{"line":96,"column":70}}],"line":96},"7":{"loc":{"start":{"line":115,"column":3},"end":{"line":118,"column":4}},"type":"if","locations":[{"start":{"line":115,"column":3},"end":{"line":118,"column":4}},{"start":{},"end":{}}],"line":115},"8":{"loc":{"start":{"line":119,"column":3},"end":{"line":121,"column":4}},"type":"if","locations":[{"start":{"line":119,"column":3},"end":{"line":121,"column":4}},{"start":{},"end":{}}],"line":119},"9":{"loc":{"start":{"line":140,"column":3},"end":{"line":142,"column":4}},"type":"if","locations":[{"start":{"line":140,"column":3},"end":{"line":142,"column":4}},{"start":{},"end":{}}],"line":140},"10":{"loc":{"start":{"line":143,"column":3},"end":{"line":145,"column":4}},"type":"if","locations":[{"start":{"line":143,"column":3},"end":{"line":145,"column":4}},{"start":{},"end":{}}],"line":143},"11":{"loc":{"start":{"line":150,"column":3},"end":{"line":152,"column":4}},"type":"if","locations":[{"start":{"line":150,"column":3},"end":{"line":152,"column":4}},{"start":{},"end":{}}],"line":150},"12":{"loc":{"start":{"line":154,"column":3},"end":{"line":156,"column":4}},"type":"if","locations":[{"start":{"line":154,"column":3},"end":{"line":156,"column":4}},{"start":{},"end":{}}],"line":154},"13":{"loc":{"start":{"line":166,"column":3},"end":{"line":171,"column":4}},"type":"if","locations":[{"start":{"line":166,"column":3},"end":{"line":171,"column":4}},{"start":{},"end":{}}],"line":166},"14":{"loc":{"start":{"line":195,"column":3},"end":{"line":197,"column":4}},"type":"if","locations":[{"start":{"line":195,"column":3},"end":{"line":197,"column":4}},{"start":{},"end":{}}],"line":195},"15":{"loc":{"start":{"line":212,"column":3},"end":{"line":214,"column":4}},"type":"if","locations":[{"start":{"line":212,"column":3},"end":{"line":214,"column":4}},{"start":{},"end":{}}],"line":212},"16":{"loc":{"start":{"line":227,"column":3},"end":{"line":229,"column":4}},"type":"if","locations":[{"start":{"line":227,"column":3},"end":{"line":229,"column":4}},{"start":{},"end":{}}],"line":227},"17":{"loc":{"start":{"line":237,"column":3},"end":{"line":239,"column":4}},"type":"if","locations":[{"start":{"line":237,"column":3},"end":{"line":239,"column":4}},{"start":{},"end":{}}],"line":237},"18":{"loc":{"start":{"line":242,"column":3},"end":{"line":250,"column":4}},"type":"if","locations":[{"start":{"line":242,"column":3},"end":{"line":250,"column":4}},{"start":{"line":244,"column":8},"end":{"line":250,"column":4}}],"line":242}},"s":{"0":1,"1":1,"2":1,"3":1,"4":1,"5":1,"6":1,"7":1,"8":1,"9":1,"10":1,"11":1,"12":0,"13":0,"14":0,"15":0,"16":0,"17":0,"18":0,"19":0,"20":0,"21":0,"22":0,"23":0,"24":0,"25":0,"26":0,"27":0,"28":0,"29":0,"30":1,"31":1,"32":1,"33":0,"34":0,"35":0,"36":0,"37":0,"38":0,"39":0,"40":0,"41":0,"42":0,"43":0,"44":0,"45":0,"46":0,"47":0,"48":0,"49":0,"50":0,"51":0,"52":0,"53":0,"54":0,"55":0,"56":0,"57":0,"58":0,"59":0,"60":0,"61":0,"62":0,"63":0,"64":0,"65":0,"66":0,"67":0,"68":0,"69":0,"70":0,"71":0,"72":0,"73":0,"74":0,"75":0,"76":0,"77":0,"78":0,"79":0,"80":0,"81":0,"82":0,"83":0,"84":0,"85":0,"86":0,"87":0,"88":0,"89":0,"90":0,"91":0,"92":0,"93":0,"94":0,"95":0,"96":0,"97":0,"98":0,"99":0,"100":0,"101":0,"102":0,"103":0,"104":0,"105":0,"106":0,"107":0,"108":0,"109":0,"110":0,"111":0,"112":0,"113":0,"114":0,"115":0,"116":0,"117":0,"118":0,"119":0,"120":0,"121":0,"122":0,"123":0,"124":0},"f":{"0":0,"1":1,"2":0,"3":0,"4":0,"5":0,"6":0,"7":0,"8":0,"9":0},"b":{"0":[0,0],"1":[0,0],"2":[0,0],"3":[0,0],"4":[0,0],"5":[0,0],"6":[0,0],"7":[0,0],"8":[0,0],"9":[0,0],"10":[0,0],"11":[0,0],"12":[0,0],"13":[0,0],"14":[0,0],"15":[0,0],"16":[0,0],"17":[0,0],"18":[0,0]},"_coverageSchema":"1a1c01bbd47fc00a2c39e90264f33305004495a9","hash":"f4f682d8f0abeece85755866aa0a31e31d1590fc"}
,"C:\\Users\\NEST\\Documents\\daikin-api\\helpers\\error.js": {"path":"C:\\Users\\NEST\\Documents\\daikin-api\\helpers\\error.js","statementMap":{"0":{"start":{"line":1,"column":0},"end":{"line":17,"column":1}},"1":{"start":{"line":3,"column":8},"end":{"line":3,"column":26}},"2":{"start":{"line":4,"column":8},"end":{"line":6,"column":9}},"3":{"start":{"line":5,"column":12},"end":{"line":5,"column":53}},"4":{"start":{"line":7,"column":8},"end":{"line":9,"column":9}},"5":{"start":{"line":8,"column":12},"end":{"line":8,"column":43}},"6":{"start":{"line":10,"column":8},"end":{"line":10,"column":44}},"7":{"start":{"line":13,"column":8},"end":{"line":13,"column":26}},"8":{"start":{"line":14,"column":8},"end":{"line":14,"column":30}},"9":{"start":{"line":15,"column":8},"end":{"line":15,"column":17}}},"fnMap":{"0":{"name":"(anonymous_0)","decl":{"start":{"line":2,"column":4},"end":{"line":2,"column":5}},"loc":{"start":{"line":2,"column":19},"end":{"line":11,"column":5}},"line":2},"1":{"name":"(anonymous_1)","decl":{"start":{"line":12,"column":4},"end":{"line":12,"column":5}},"loc":{"start":{"line":12,"column":27},"end":{"line":16,"column":5}},"line":12}},"branchMap":{"0":{"loc":{"start":{"line":4,"column":8},"end":{"line":6,"column":9}},"type":"if","locations":[{"start":{"line":4,"column":8},"end":{"line":6,"column":9}},{"start":{},"end":{}}],"line":4},"1":{"loc":{"start":{"line":7,"column":8},"end":{"line":9,"column":9}},"type":"if","locations":[{"start":{"line":7,"column":8},"end":{"line":9,"column":9}},{"start":{},"end":{}}],"line":7}},"s":{"0":1,"1":0,"2":0,"3":0,"4":0,"5":0,"6":0,"7":0,"8":0,"9":0},"f":{"0":0,"1":0},"b":{"0":[0,0],"1":[0,0]},"_coverageSchema":"1a1c01bbd47fc00a2c39e90264f33305004495a9","hash":"3d4966d05f34e4020ad4ec5bd68397d177782175"}
,"C:\\Users\\NEST\\Documents\\daikin-api\\helpers\\interceptor.js": {"path":"C:\\Users\\NEST\\Documents\\daikin-api\\helpers\\interceptor.js","statementMap":{"0":{"start":{"line":1,"column":0},"end":{"line":17,"column":3}},"1":{"start":{"line":3,"column":18},"end":{"line":3,"column":20}},"2":{"start":{"line":4,"column":6},"end":{"line":4,"column":47}},"3":{"start":{"line":5,"column":6},"end":{"line":5,"column":49}},"4":{"start":{"line":6,"column":6},"end":{"line":6,"column":16}},"5":{"start":{"line":10,"column":18},"end":{"line":10,"column":20}},"6":{"start":{"line":11,"column":6},"end":{"line":11,"column":47}},"7":{"start":{"line":12,"column":6},"end":{"line":12,"column":49}},"8":{"start":{"line":13,"column":6},"end":{"line":13,"column":47}},"9":{"start":{"line":14,"column":6},"end":{"line":14,"column":16}}},"fnMap":{"0":{"name":"(anonymous_0)","decl":{"start":{"line":2,"column":17},"end":{"line":2,"column":18}},"loc":{"start":{"line":2,"column":23},"end":{"line":7,"column":5}},"line":2},"1":{"name":"(anonymous_1)","decl":{"start":{"line":9,"column":18},"end":{"line":9,"column":19}},"loc":{"start":{"line":9,"column":24},"end":{"line":15,"column":5}},"line":9}},"branchMap":{},"s":{"0":1,"1":1,"2":1,"3":1,"4":1,"5":1,"6":1,"7":1,"8":1,"9":1},"f":{"0":1,"1":1},"b":{},"_coverageSchema":"1a1c01bbd47fc00a2c39e90264f33305004495a9","hash":"56e0a9c8de30daff53667091037d115c499e3458"}
,"C:\\Users\\NEST\\Documents\\daikin-api\\helpers\\log.js": {"path":"C:\\Users\\NEST\\Documents\\daikin-api\\helpers\\log.js","statementMap":{"0":{"start":{"line":1,"column":15},"end":{"line":1,"column":35}},"1":{"start":{"line":2,"column":21},"end":{"line":2,"column":27}},"2":{"start":{"line":4,"column":0},"end":{"line":15,"column":1}},"3":{"start":{"line":6,"column":26},"end":{"line":6,"column":36}},"4":{"start":{"line":7,"column":8},"end":{"line":13,"column":10}},"5":{"start":{"line":18,"column":28},"end":{"line":18,"column":86}},"6":{"start":{"line":19,"column":24},"end":{"line":19,"column":62}},"7":{"start":{"line":20,"column":15},"end":{"line":20,"column":64}},"8":{"start":{"line":21,"column":4},"end":{"line":23,"column":5}},"9":{"start":{"line":22,"column":8},"end":{"line":22,"column":27}},"10":{"start":{"line":24,"column":4},"end":{"line":24,"column":13}}},"fnMap":{"0":{"name":"(anonymous_0)","decl":{"start":{"line":5,"column":4},"end":{"line":5,"column":5}},"loc":{"start":{"line":5,"column":43},"end":{"line":14,"column":5}},"line":5},"1":{"name":"getIP","decl":{"start":{"line":17,"column":9},"end":{"line":17,"column":14}},"loc":{"start":{"line":17,"column":19},"end":{"line":25,"column":1}},"line":17}},"branchMap":{"0":{"loc":{"start":{"line":18,"column":28},"end":{"line":18,"column":86}},"type":"binary-expr","locations":[{"start":{"line":18,"column":28},"end":{"line":18,"column":52}},{"start":{"line":18,"column":56},"end":{"line":18,"column":86}}],"line":18},"1":{"loc":{"start":{"line":19,"column":24},"end":{"line":19,"column":62}},"type":"binary-expr","locations":[{"start":{"line":19,"column":24},"end":{"line":19,"column":30}},{"start":{"line":19,"column":34},"end":{"line":19,"column":62}}],"line":19},"2":{"loc":{"start":{"line":20,"column":15},"end":{"line":20,"column":64}},"type":"cond-expr","locations":[{"start":{"line":20,"column":35},"end":{"line":20,"column":50}},{"start":{"line":20,"column":53},"end":{"line":20,"column":64}}],"line":20},"3":{"loc":{"start":{"line":21,"column":4},"end":{"line":23,"column":5}},"type":"if","locations":[{"start":{"line":21,"column":4},"end":{"line":23,"column":5}},{"start":{},"end":{}}],"line":21}},"s":{"0":1,"1":1,"2":1,"3":0,"4":0,"5":0,"6":0,"7":0,"8":0,"9":0,"10":0},"f":{"0":0,"1":0},"b":{"0":[0,0],"1":[0,0],"2":[0,0],"3":[0,0]},"_coverageSchema":"1a1c01bbd47fc00a2c39e90264f33305004495a9","hash":"47253bcb8e34795e8c4c9a983e23b9881511abf9"}
,"C:\\Users\\NEST\\Documents\\daikin-api\\helpers\\permission.js": {"path":"C:\\Users\\NEST\\Documents\\daikin-api\\helpers\\permission.js","statementMap":{"0":{"start":{"line":1,"column":15},"end":{"line":1,"column":35}},"1":{"start":{"line":2,"column":19},"end":{"line":2,"column":36}},"2":{"start":{"line":3,"column":13},"end":{"line":3,"column":24}},"3":{"start":{"line":4,"column":15},"end":{"line":4,"column":28}},"4":{"start":{"line":5,"column":23},"end":{"line":10,"column":1}},"5":{"start":{"line":11,"column":29},"end":{"line":11,"column":35}},"6":{"start":{"line":12,"column":0},"end":{"line":76,"column":1}},"7":{"start":{"line":14,"column":21},"end":{"line":28,"column":4}},"8":{"start":{"line":30,"column":8},"end":{"line":36,"column":10}},"9":{"start":{"line":31,"column":32},"end":{"line":31,"column":81}},"10":{"start":{"line":31,"column":54},"end":{"line":31,"column":80}},"11":{"start":{"line":32,"column":12},"end":{"line":34,"column":13}},"12":{"start":{"line":33,"column":16},"end":{"line":33,"column":28}},"13":{"start":{"line":35,"column":12},"end":{"line":35,"column":44}},"14":{"start":{"line":39,"column":8},"end":{"line":41,"column":9}},"15":{"start":{"line":40,"column":12},"end":{"line":40,"column":23}},"16":{"start":{"line":42,"column":8},"end":{"line":42,"column":35}},"17":{"start":{"line":45,"column":8},"end":{"line":47,"column":9}},"18":{"start":{"line":46,"column":12},"end":{"line":46,"column":23}},"19":{"start":{"line":48,"column":8},"end":{"line":50,"column":9}},"20":{"start":{"line":49,"column":12},"end":{"line":49,"column":23}},"21":{"start":{"line":51,"column":21},"end":{"line":51,"column":68}},"22":{"start":{"line":52,"column":8},"end":{"line":52,"column":19}},"23":{"start":{"line":55,"column":8},"end":{"line":61,"column":9}},"24":{"start":{"line":56,"column":12},"end":{"line":59,"column":13}},"25":{"start":{"line":60,"column":12},"end":{"line":60,"column":18}},"26":{"start":{"line":64,"column":8},"end":{"line":72,"column":9}},"27":{"start":{"line":65,"column":12},"end":{"line":70,"column":14}},"28":{"start":{"line":66,"column":16},"end":{"line":69,"column":17}},"29":{"start":{"line":71,"column":12},"end":{"line":71,"column":18}}},"fnMap":{"0":{"name":"(anonymous_0)","decl":{"start":{"line":13,"column":4},"end":{"line":13,"column":5}},"loc":{"start":{"line":13,"column":68},"end":{"line":37,"column":5}},"line":13},"1":{"name":"(anonymous_1)","decl":{"start":{"line":30,"column":31},"end":{"line":30,"column":32}},"loc":{"start":{"line":30,"column":39},"end":{"line":36,"column":9}},"line":30},"2":{"name":"(anonymous_2)","decl":{"start":{"line":31,"column":50},"end":{"line":31,"column":51}},"loc":{"start":{"line":31,"column":54},"end":{"line":31,"column":80}},"line":31},"3":{"name":"(anonymous_3)","decl":{"start":{"line":38,"column":4},"end":{"line":38,"column":5}},"loc":{"start":{"line":38,"column":33},"end":{"line":43,"column":5}},"line":38},"4":{"name":"(anonymous_4)","decl":{"start":{"line":44,"column":4},"end":{"line":44,"column":5}},"loc":{"start":{"line":44,"column":27},"end":{"line":53,"column":5}},"line":44},"5":{"name":"(anonymous_5)","decl":{"start":{"line":54,"column":4},"end":{"line":54,"column":5}},"loc":{"start":{"line":54,"column":31},"end":{"line":62,"column":5}},"line":54},"6":{"name":"(anonymous_6)","decl":{"start":{"line":55,"column":15},"end":{"line":55,"column":16}},"loc":{"start":{"line":55,"column":35},"end":{"line":61,"column":9}},"line":55},"7":{"name":"(anonymous_7)","decl":{"start":{"line":63,"column":4},"end":{"line":63,"column":5}},"loc":{"start":{"line":63,"column":32},"end":{"line":73,"column":5}},"line":63},"8":{"name":"(anonymous_8)","decl":{"start":{"line":64,"column":15},"end":{"line":64,"column":16}},"loc":{"start":{"line":64,"column":35},"end":{"line":72,"column":9}},"line":64},"9":{"name":"(anonymous_9)","decl":{"start":{"line":65,"column":37},"end":{"line":65,"column":38}},"loc":{"start":{"line":65,"column":42},"end":{"line":70,"column":13}},"line":65}},"branchMap":{"0":{"loc":{"start":{"line":32,"column":12},"end":{"line":34,"column":13}},"type":"if","locations":[{"start":{"line":32,"column":12},"end":{"line":34,"column":13}},{"start":{},"end":{}}],"line":32},"1":{"loc":{"start":{"line":39,"column":8},"end":{"line":41,"column":9}},"type":"if","locations":[{"start":{"line":39,"column":8},"end":{"line":41,"column":9}},{"start":{},"end":{}}],"line":39},"2":{"loc":{"start":{"line":45,"column":8},"end":{"line":47,"column":9}},"type":"if","locations":[{"start":{"line":45,"column":8},"end":{"line":47,"column":9}},{"start":{},"end":{}}],"line":45},"3":{"loc":{"start":{"line":48,"column":8},"end":{"line":50,"column":9}},"type":"if","locations":[{"start":{"line":48,"column":8},"end":{"line":50,"column":9}},{"start":{},"end":{}}],"line":48}},"s":{"0":1,"1":1,"2":1,"3":1,"4":1,"5":1,"6":1,"7":0,"8":0,"9":0,"10":0,"11":0,"12":0,"13":0,"14":0,"15":0,"16":0,"17":0,"18":0,"19":0,"20":0,"21":0,"22":0,"23":0,"24":0,"25":0,"26":0,"27":0,"28":0,"29":0},"f":{"0":0,"1":0,"2":0,"3":0,"4":0,"5":0,"6":0,"7":0,"8":0,"9":0},"b":{"0":[0,0],"1":[0,0],"2":[0,0],"3":[0,0]},"_coverageSchema":"1a1c01bbd47fc00a2c39e90264f33305004495a9","hash":"c2681d533a77e791c68cf0ca5605416be0842222"}
,"C:\\Users\\NEST\\Documents\\daikin-api\\helpers\\powerpoint.js": {"path":"C:\\Users\\NEST\\Documents\\daikin-api\\helpers\\powerpoint.js","statementMap":{"0":{"start":{"line":1,"column":13},"end":{"line":1,"column":28}},"1":{"start":{"line":2,"column":11},"end":{"line":2,"column":33}},"2":{"start":{"line":3,"column":14},"end":{"line":3,"column":30}},"3":{"start":{"line":4,"column":14},"end":{"line":4,"column":30}},"4":{"start":{"line":5,"column":22},"end":{"line":5,"column":39}},"5":{"start":{"line":6,"column":18},"end":{"line":6,"column":33}},"6":{"start":{"line":7,"column":24},"end":{"line":7,"column":50}},"7":{"start":{"line":9,"column":14},"end":{"line":9,"column":44}},"8":{"start":{"line":10,"column":27},"end":{"line":10,"column":78}},"9":{"start":{"line":13,"column":23},"end":{"line":13,"column":43}},"10":{"start":{"line":14,"column":66},"end":{"line":14,"column":89}},"11":{"start":{"line":15,"column":20},"end":{"line":15,"column":32}},"12":{"start":{"line":17,"column":0},"end":{"line":141,"column":1}},"13":{"start":{"line":20,"column":23},"end":{"line":25,"column":10}},"14":{"start":{"line":28,"column":8},"end":{"line":28,"column":114}},"15":{"start":{"line":44,"column":8},"end":{"line":44,"column":76}},"16":{"start":{"line":54,"column":23},"end":{"line":59,"column":10}},"17":{"start":{"line":60,"column":8},"end":{"line":60,"column":97}},"18":{"start":{"line":78,"column":8},"end":{"line":78,"column":76}},"19":{"start":{"line":81,"column":8},"end":{"line":137,"column":9}},"20":{"start":{"line":82,"column":12},"end":{"line":84,"column":13}},"21":{"start":{"line":83,"column":16},"end":{"line":83,"column":47}},"22":{"start":{"line":86,"column":12},"end":{"line":86,"column":34}},"23":{"start":{"line":88,"column":27},"end":{"line":121,"column":14}},"24":{"start":{"line":92,"column":38},"end":{"line":92,"column":42}},"25":{"start":{"line":95,"column":24},"end":{"line":95,"column":60}},"26":{"start":{"line":105,"column":16},"end":{"line":107,"column":17}},"27":{"start":{"line":106,"column":20},"end":{"line":106,"column":52}},"28":{"start":{"line":108,"column":16},"end":{"line":110,"column":17}},"29":{"start":{"line":109,"column":20},"end":{"line":109,"column":43}},"30":{"start":{"line":111,"column":28},"end":{"line":111,"column":68}},"31":{"start":{"line":112,"column":31},"end":{"line":112,"column":71}},"32":{"start":{"line":113,"column":16},"end":{"line":115,"column":17}},"33":{"start":{"line":114,"column":20},"end":{"line":114,"column":46}},"34":{"start":{"line":116,"column":37},"end":{"line":116,"column":68}},"35":{"start":{"line":117,"column":28},"end":{"line":117,"column":50}},"36":{"start":{"line":118,"column":16},"end":{"line":118,"column":26}},"37":{"start":{"line":120,"column":16},"end":{"line":120,"column":27}},"38":{"start":{"line":123,"column":12},"end":{"line":125,"column":13}},"39":{"start":{"line":124,"column":16},"end":{"line":124,"column":42}},"40":{"start":{"line":126,"column":31},"end":{"line":128,"column":14}},"41":{"start":{"line":129,"column":12},"end":{"line":131,"column":4}},"42":{"start":{"line":130,"column":4},"end":{"line":130,"column":27}},"43":{"start":{"line":132,"column":12},"end":{"line":132,"column":98}},"44":{"start":{"line":133,"column":12},"end":{"line":133,"column":106}},"45":{"start":{"line":135,"column":12},"end":{"line":135,"column":30}},"46":{"start":{"line":136,"column":12},"end":{"line":136,"column":23}},"47":{"start":{"line":143,"column":22},"end":{"line":159,"column":1}},"48":{"start":{"line":144,"column":24},"end":{"line":144,"column":63}},"49":{"start":{"line":149,"column":18},"end":{"line":149,"column":45}},"50":{"start":{"line":151,"column":4},"end":{"line":158,"column":5}},"51":{"start":{"line":152,"column":25},"end":{"line":152,"column":51}},"52":{"start":{"line":153,"column":22},"end":{"line":153,"column":45}},"53":{"start":{"line":154,"column":26},"end":{"line":154,"column":62}},"54":{"start":{"line":155,"column":8},"end":{"line":157,"column":9}},"55":{"start":{"line":156,"column":12},"end":{"line":156,"column":28}}},"fnMap":{"0":{"name":"(anonymous_0)","decl":{"start":{"line":18,"column":4},"end":{"line":18,"column":5}},"loc":{"start":{"line":18,"column":52},"end":{"line":45,"column":5}},"line":18},"1":{"name":"(anonymous_1)","decl":{"start":{"line":46,"column":4},"end":{"line":46,"column":5}},"loc":{"start":{"line":46,"column":57},"end":{"line":79,"column":5}},"line":46},"2":{"name":"(anonymous_2)","decl":{"start":{"line":80,"column":4},"end":{"line":80,"column":5}},"loc":{"start":{"line":80,"column":48},"end":{"line":138,"column":5}},"line":80},"3":{"name":"(anonymous_3)","decl":{"start":{"line":92,"column":32},"end":{"line":92,"column":33}},"loc":{"start":{"line":92,"column":38},"end":{"line":92,"column":42}},"line":92},"4":{"name":"(anonymous_4)","decl":{"start":{"line":94,"column":29},"end":{"line":94,"column":30}},"loc":{"start":{"line":94,"column":45},"end":{"line":96,"column":21}},"line":94},"5":{"name":"(anonymous_5)","decl":{"start":{"line":103,"column":20},"end":{"line":103,"column":21}},"loc":{"start":{"line":103,"column":34},"end":{"line":119,"column":13}},"line":103},"6":{"name":"(anonymous_6)","decl":{"start":{"line":119,"column":21},"end":{"line":119,"column":22}},"loc":{"start":{"line":119,"column":32},"end":{"line":121,"column":13}},"line":119},"7":{"name":"(anonymous_7)","decl":{"start":{"line":143,"column":22},"end":{"line":143,"column":23}},"loc":{"start":{"line":143,"column":52},"end":{"line":159,"column":1}},"line":143}},"branchMap":{"0":{"loc":{"start":{"line":28,"column":47},"end":{"line":28,"column":88}},"type":"cond-expr","locations":[{"start":{"line":28,"column":61},"end":{"line":28,"column":75}},{"start":{"line":28,"column":78},"end":{"line":28,"column":88}}],"line":28},"1":{"loc":{"start":{"line":44,"column":29},"end":{"line":44,"column":70}},"type":"cond-expr","locations":[{"start":{"line":44,"column":43},"end":{"line":44,"column":57}},{"start":{"line":44,"column":60},"end":{"line":44,"column":70}}],"line":44},"2":{"loc":{"start":{"line":60,"column":41},"end":{"line":60,"column":82}},"type":"cond-expr","locations":[{"start":{"line":60,"column":55},"end":{"line":60,"column":69}},{"start":{"line":60,"column":72},"end":{"line":60,"column":82}}],"line":60},"3":{"loc":{"start":{"line":78,"column":29},"end":{"line":78,"column":70}},"type":"cond-expr","locations":[{"start":{"line":78,"column":43},"end":{"line":78,"column":57}},{"start":{"line":78,"column":60},"end":{"line":78,"column":70}}],"line":78},"4":{"loc":{"start":{"line":82,"column":12},"end":{"line":84,"column":13}},"type":"if","locations":[{"start":{"line":82,"column":12},"end":{"line":84,"column":13}},{"start":{},"end":{}}],"line":82},"5":{"loc":{"start":{"line":105,"column":16},"end":{"line":107,"column":17}},"type":"if","locations":[{"start":{"line":105,"column":16},"end":{"line":107,"column":17}},{"start":{},"end":{}}],"line":105},"6":{"loc":{"start":{"line":108,"column":16},"end":{"line":110,"column":17}},"type":"if","locations":[{"start":{"line":108,"column":16},"end":{"line":110,"column":17}},{"start":{},"end":{}}],"line":108},"7":{"loc":{"start":{"line":113,"column":16},"end":{"line":115,"column":17}},"type":"if","locations":[{"start":{"line":113,"column":16},"end":{"line":115,"column":17}},{"start":{},"end":{}}],"line":113},"8":{"loc":{"start":{"line":123,"column":12},"end":{"line":125,"column":13}},"type":"if","locations":[{"start":{"line":123,"column":12},"end":{"line":125,"column":13}},{"start":{},"end":{}}],"line":123},"9":{"loc":{"start":{"line":129,"column":12},"end":{"line":131,"column":4}},"type":"if","locations":[{"start":{"line":129,"column":12},"end":{"line":131,"column":4}},{"start":{},"end":{}}],"line":129},"10":{"loc":{"start":{"line":155,"column":8},"end":{"line":157,"column":9}},"type":"if","locations":[{"start":{"line":155,"column":8},"end":{"line":157,"column":9}},{"start":{},"end":{}}],"line":155}},"s":{"0":1,"1":1,"2":1,"3":1,"4":1,"5":1,"6":1,"7":1,"8":1,"9":1,"10":1,"11":1,"12":1,"13":0,"14":0,"15":0,"16":0,"17":0,"18":0,"19":0,"20":0,"21":0,"22":0,"23":0,"24":0,"25":0,"26":0,"27":0,"28":0,"29":0,"30":0,"31":0,"32":0,"33":0,"34":0,"35":0,"36":0,"37":0,"38":0,"39":0,"40":0,"41":0,"42":0,"43":0,"44":0,"45":0,"46":0,"47":1,"48":0,"49":0,"50":0,"51":0,"52":0,"53":0,"54":0,"55":0},"f":{"0":0,"1":0,"2":0,"3":0,"4":0,"5":0,"6":0,"7":0},"b":{"0":[0,0],"1":[0,0],"2":[0,0],"3":[0,0],"4":[0,0],"5":[0,0],"6":[0,0],"7":[0,0],"8":[0,0],"9":[0,0],"10":[0,0]},"_coverageSchema":"1a1c01bbd47fc00a2c39e90264f33305004495a9","hash":"6bbaff8371f236209fd37533a7f5476b6440ed38"}
,"C:\\Users\\NEST\\Documents\\daikin-api\\helpers\\storage.js": {"path":"C:\\Users\\NEST\\Documents\\daikin-api\\helpers\\storage.js","statementMap":{"0":{"start":{"line":1,"column":0},"end":{"line":1,"column":27}},"1":{"start":{"line":3,"column":11},"end":{"line":3,"column":33}},"2":{"start":{"line":4,"column":30},"end":{"line":4,"column":60}},"3":{"start":{"line":5,"column":24},"end":{"line":5,"column":47}},"4":{"start":{"line":6,"column":18},"end":{"line":9,"column":1}},"5":{"start":{"line":11,"column":26},"end":{"line":11,"column":109}},"6":{"start":{"line":14,"column":0},"end":{"line":96,"column":1}},"7":{"start":{"line":16,"column":32},"end":{"line":16,"column":84}},"8":{"start":{"line":18,"column":32},"end":{"line":18,"column":76}},"9":{"start":{"line":19,"column":31},"end":{"line":19,"column":125}},"10":{"start":{"line":20,"column":8},"end":{"line":20,"column":49}},"11":{"start":{"line":22,"column":8},"end":{"line":22,"column":29}},"12":{"start":{"line":25,"column":32},"end":{"line":25,"column":84}},"13":{"start":{"line":27,"column":32},"end":{"line":27,"column":76}},"14":{"start":{"line":28,"column":31},"end":{"line":28,"column":125}},"15":{"start":{"line":29,"column":8},"end":{"line":29,"column":49}},"16":{"start":{"line":31,"column":8},"end":{"line":31,"column":29}},"17":{"start":{"line":34,"column":32},"end":{"line":34,"column":84}},"18":{"start":{"line":35,"column":29},"end":{"line":35,"column":68}},"19":{"start":{"line":37,"column":8},"end":{"line":37,"column":27}},"20":{"start":{"line":40,"column":32},"end":{"line":40,"column":84}},"21":{"start":{"line":42,"column":31},"end":{"line":42,"column":73}},"22":{"start":{"line":43,"column":8},"end":{"line":43,"column":48}},"23":{"start":{"line":44,"column":8},"end":{"line":44,"column":29}},"24":{"start":{"line":47,"column":27},"end":{"line":47,"column":61}},"25":{"start":{"line":48,"column":30},"end":{"line":48,"column":32}},"26":{"start":{"line":49,"column":8},"end":{"line":51,"column":9}},"27":{"start":{"line":50,"column":12},"end":{"line":50,"column":46}},"28":{"start":{"line":52,"column":8},"end":{"line":52,"column":28}},"29":{"start":{"line":55,"column":32},"end":{"line":55,"column":83}},"30":{"start":{"line":56,"column":22},"end":{"line":56,"column":53}},"31":{"start":{"line":58,"column":8},"end":{"line":58,"column":20}},"32":{"start":{"line":79,"column":25},"end":{"line":79,"column":53}},"33":{"start":{"line":80,"column":26},"end":{"line":80,"column":85}},"34":{"start":{"line":80,"column":61},"end":{"line":80,"column":65}},"35":{"start":{"line":80,"column":79},"end":{"line":80,"column":84}},"36":{"start":{"line":81,"column":8},"end":{"line":83,"column":9}},"37":{"start":{"line":82,"column":12},"end":{"line":82,"column":27}},"38":{"start":{"line":84,"column":32},"end":{"line":84,"column":83}},"39":{"start":{"line":85,"column":29},"end":{"line":85,"column":68}},"40":{"start":{"line":88,"column":8},"end":{"line":88,"column":51}},"41":{"start":{"line":89,"column":8},"end":{"line":89,"column":59}},"42":{"start":{"line":90,"column":8},"end":{"line":90,"column":23}},"43":{"start":{"line":99,"column":4},"end":{"line":99,"column":48}},"44":{"start":{"line":103,"column":4},"end":{"line":103,"column":42}},"45":{"start":{"line":107,"column":2},"end":{"line":111,"column":13}},"46":{"start":{"line":115,"column":4},"end":{"line":117,"column":5}},"47":{"start":{"line":116,"column":8},"end":{"line":116,"column":108}},"48":{"start":{"line":118,"column":4},"end":{"line":118,"column":88}},"49":{"start":{"line":122,"column":4},"end":{"line":122,"column":88}}},"fnMap":{"0":{"name":"(anonymous_0)","decl":{"start":{"line":15,"column":4},"end":{"line":15,"column":5}},"loc":{"start":{"line":15,"column":51},"end":{"line":23,"column":5}},"line":15},"1":{"name":"(anonymous_1)","decl":{"start":{"line":24,"column":4},"end":{"line":24,"column":5}},"loc":{"start":{"line":24,"column":51},"end":{"line":32,"column":5}},"line":24},"2":{"name":"(anonymous_2)","decl":{"start":{"line":33,"column":4},"end":{"line":33,"column":5}},"loc":{"start":{"line":33,"column":28},"end":{"line":38,"column":5}},"line":33},"3":{"name":"(anonymous_3)","decl":{"start":{"line":39,"column":4},"end":{"line":39,"column":5}},"loc":{"start":{"line":39,"column":31},"end":{"line":45,"column":5}},"line":39},"4":{"name":"(anonymous_4)","decl":{"start":{"line":46,"column":4},"end":{"line":46,"column":5}},"loc":{"start":{"line":46,"column":27},"end":{"line":53,"column":5}},"line":46},"5":{"name":"(anonymous_5)","decl":{"start":{"line":54,"column":4},"end":{"line":54,"column":5}},"loc":{"start":{"line":54,"column":35},"end":{"line":59,"column":5}},"line":54},"6":{"name":"(anonymous_6)","decl":{"start":{"line":78,"column":4},"end":{"line":78,"column":5}},"loc":{"start":{"line":78,"column":66},"end":{"line":91,"column":5}},"line":78},"7":{"name":"(anonymous_7)","decl":{"start":{"line":80,"column":55},"end":{"line":80,"column":56}},"loc":{"start":{"line":80,"column":61},"end":{"line":80,"column":65}},"line":80},"8":{"name":"(anonymous_8)","decl":{"start":{"line":80,"column":73},"end":{"line":80,"column":74}},"loc":{"start":{"line":80,"column":79},"end":{"line":80,"column":84}},"line":80},"9":{"name":"getExtensionFromString","decl":{"start":{"line":98,"column":9},"end":{"line":98,"column":31}},"loc":{"start":{"line":98,"column":36},"end":{"line":100,"column":1}},"line":98},"10":{"name":"padTo2Digits","decl":{"start":{"line":102,"column":9},"end":{"line":102,"column":21}},"loc":{"start":{"line":102,"column":27},"end":{"line":104,"column":1}},"line":102},"11":{"name":"formatDate","decl":{"start":{"line":106,"column":9},"end":{"line":106,"column":19}},"loc":{"start":{"line":106,"column":26},"end":{"line":112,"column":1}},"line":106},"12":{"name":"getFormmatedName","decl":{"start":{"line":114,"column":9},"end":{"line":114,"column":25}},"loc":{"start":{"line":114,"column":61},"end":{"line":119,"column":1}},"line":114},"13":{"name":"getFormmatedNameProposal","decl":{"start":{"line":121,"column":9},"end":{"line":121,"column":33}},"loc":{"start":{"line":121,"column":55},"end":{"line":123,"column":1}},"line":121}},"branchMap":{"0":{"loc":{"start":{"line":78,"column":35},"end":{"line":78,"column":65}},"type":"default-arg","locations":[{"start":{"line":78,"column":51},"end":{"line":78,"column":65}}],"line":78},"1":{"loc":{"start":{"line":81,"column":8},"end":{"line":83,"column":9}},"type":"if","locations":[{"start":{"line":81,"column":8},"end":{"line":83,"column":9}},{"start":{},"end":{}}],"line":81},"2":{"loc":{"start":{"line":115,"column":4},"end":{"line":117,"column":5}},"type":"if","locations":[{"start":{"line":115,"column":4},"end":{"line":117,"column":5}},{"start":{},"end":{}}],"line":115}},"s":{"0":1,"1":1,"2":1,"3":1,"4":1,"5":1,"6":1,"7":0,"8":0,"9":0,"10":0,"11":0,"12":0,"13":0,"14":0,"15":0,"16":0,"17":0,"18":0,"19":0,"20":0,"21":0,"22":0,"23":0,"24":0,"25":0,"26":0,"27":0,"28":0,"29":0,"30":0,"31":0,"32":0,"33":0,"34":0,"35":0,"36":0,"37":0,"38":0,"39":0,"40":0,"41":0,"42":0,"43":0,"44":0,"45":0,"46":0,"47":0,"48":0,"49":0},"f":{"0":0,"1":0,"2":0,"3":0,"4":0,"5":0,"6":0,"7":0,"8":0,"9":0,"10":0,"11":0,"12":0,"13":0},"b":{"0":[0],"1":[0,0],"2":[0,0]},"_coverageSchema":"1a1c01bbd47fc00a2c39e90264f33305004495a9","hash":"a4508d451212960a5b9b6b9157aae390ea070747"}
,"C:\\Users\\NEST\\Documents\\daikin-api\\models\\action.js": {"path":"C:\\Users\\NEST\\Documents\\daikin-api\\models\\action.js","statementMap":{"0":{"start":{"line":4,"column":4},"end":{"line":4,"column":24}},"1":{"start":{"line":5,"column":0},"end":{"line":40,"column":2}},"2":{"start":{"line":14,"column":6},"end":{"line":14,"column":67}},"3":{"start":{"line":15,"column":6},"end":{"line":15,"column":59}},"4":{"start":{"line":18,"column":2},"end":{"line":38,"column":5}},"5":{"start":{"line":39,"column":2},"end":{"line":39,"column":16}}},"fnMap":{"0":{"name":"(anonymous_0)","decl":{"start":{"line":5,"column":17},"end":{"line":5,"column":18}},"loc":{"start":{"line":5,"column":43},"end":{"line":40,"column":1}},"line":5},"1":{"name":"(anonymous_1)","decl":{"start":{"line":12,"column":4},"end":{"line":12,"column":5}},"loc":{"start":{"line":12,"column":29},"end":{"line":16,"column":5}},"line":12}},"branchMap":{},"s":{"0":1,"1":1,"2":1,"3":1,"4":1,"5":1},"f":{"0":1,"1":1},"b":{},"_coverageSchema":"1a1c01bbd47fc00a2c39e90264f33305004495a9","hash":"d44a3eafe8fe0b91f9a1a4f2cf4cfcb7bda10b24"}
,"C:\\Users\\NEST\\Documents\\daikin-api\\models\\companyprofile.js": {"path":"C:\\Users\\NEST\\Documents\\daikin-api\\models\\companyprofile.js","statementMap":{"0":{"start":{"line":4,"column":4},"end":{"line":4,"column":24}},"1":{"start":{"line":5,"column":0},"end":{"line":34,"column":2}},"2":{"start":{"line":14,"column":6},"end":{"line":14,"column":82}},"3":{"start":{"line":15,"column":6},"end":{"line":15,"column":86}},"4":{"start":{"line":18,"column":2},"end":{"line":32,"column":5}},"5":{"start":{"line":33,"column":2},"end":{"line":33,"column":24}}},"fnMap":{"0":{"name":"(anonymous_0)","decl":{"start":{"line":5,"column":17},"end":{"line":5,"column":18}},"loc":{"start":{"line":5,"column":43},"end":{"line":34,"column":1}},"line":5},"1":{"name":"(anonymous_1)","decl":{"start":{"line":12,"column":4},"end":{"line":12,"column":5}},"loc":{"start":{"line":12,"column":29},"end":{"line":16,"column":5}},"line":12}},"branchMap":{},"s":{"0":1,"1":1,"2":1,"3":1,"4":1,"5":1},"f":{"0":1,"1":1},"b":{},"_coverageSchema":"1a1c01bbd47fc00a2c39e90264f33305004495a9","hash":"deba7a8963c72989ab21c466d10c21b3a5689f9f"}
,"C:\\Users\\NEST\\Documents\\daikin-api\\models\\companyprofilefile.js": {"path":"C:\\Users\\NEST\\Documents\\daikin-api\\models\\companyprofilefile.js","statementMap":{"0":{"start":{"line":4,"column":4},"end":{"line":4,"column":24}},"1":{"start":{"line":5,"column":0},"end":{"line":35,"column":2}},"2":{"start":{"line":14,"column":6},"end":{"line":14,"column":75}},"3":{"start":{"line":17,"column":2},"end":{"line":33,"column":5}},"4":{"start":{"line":34,"column":2},"end":{"line":34,"column":28}}},"fnMap":{"0":{"name":"(anonymous_0)","decl":{"start":{"line":5,"column":17},"end":{"line":5,"column":18}},"loc":{"start":{"line":5,"column":43},"end":{"line":35,"column":1}},"line":5},"1":{"name":"(anonymous_1)","decl":{"start":{"line":12,"column":4},"end":{"line":12,"column":5}},"loc":{"start":{"line":12,"column":29},"end":{"line":15,"column":5}},"line":12}},"branchMap":{},"s":{"0":1,"1":1,"2":1,"3":1,"4":1},"f":{"0":1,"1":1},"b":{},"_coverageSchema":"1a1c01bbd47fc00a2c39e90264f33305004495a9","hash":"3b1448ad05b546653c8078ad98c59f379b661158"}
,"C:\\Users\\NEST\\Documents\\daikin-api\\models\\companysection.js": {"path":"C:\\Users\\NEST\\Documents\\daikin-api\\models\\companysection.js","statementMap":{"0":{"start":{"line":4,"column":4},"end":{"line":4,"column":24}},"1":{"start":{"line":5,"column":0},"end":{"line":34,"column":2}},"2":{"start":{"line":14,"column":6},"end":{"line":14,"column":73}},"3":{"start":{"line":17,"column":2},"end":{"line":32,"column":5}},"4":{"start":{"line":33,"column":2},"end":{"line":33,"column":24}}},"fnMap":{"0":{"name":"(anonymous_0)","decl":{"start":{"line":5,"column":17},"end":{"line":5,"column":18}},"loc":{"start":{"line":5,"column":43},"end":{"line":34,"column":1}},"line":5},"1":{"name":"(anonymous_1)","decl":{"start":{"line":12,"column":4},"end":{"line":12,"column":5}},"loc":{"start":{"line":12,"column":29},"end":{"line":15,"column":5}},"line":12}},"branchMap":{},"s":{"0":1,"1":1,"2":1,"3":1,"4":1},"f":{"0":1,"1":1},"b":{},"_coverageSchema":"1a1c01bbd47fc00a2c39e90264f33305004495a9","hash":"a7b23085efdc86596069412441edd6d7a7485123"}
,"C:\\Users\\NEST\\Documents\\daikin-api\\models\\country.js": {"path":"C:\\Users\\NEST\\Documents\\daikin-api\\models\\country.js","statementMap":{"0":{"start":{"line":4,"column":4},"end":{"line":4,"column":24}},"1":{"start":{"line":5,"column":0},"end":{"line":31,"column":2}},"2":{"start":{"line":16,"column":2},"end":{"line":29,"column":5}},"3":{"start":{"line":30,"column":2},"end":{"line":30,"column":17}}},"fnMap":{"0":{"name":"(anonymous_0)","decl":{"start":{"line":5,"column":17},"end":{"line":5,"column":18}},"loc":{"start":{"line":5,"column":43},"end":{"line":31,"column":1}},"line":5},"1":{"name":"(anonymous_1)","decl":{"start":{"line":12,"column":4},"end":{"line":12,"column":5}},"loc":{"start":{"line":12,"column":29},"end":{"line":14,"column":5}},"line":12}},"branchMap":{},"s":{"0":1,"1":1,"2":1,"3":1},"f":{"0":1,"1":1},"b":{},"_coverageSchema":"1a1c01bbd47fc00a2c39e90264f33305004495a9","hash":"04cc152440a6be293075d9583ae7bf55926e7323"}
,"C:\\Users\\NEST\\Documents\\daikin-api\\models\\equipmentlist.js": {"path":"C:\\Users\\NEST\\Documents\\daikin-api\\models\\equipmentlist.js","statementMap":{"0":{"start":{"line":4,"column":4},"end":{"line":4,"column":24}},"1":{"start":{"line":5,"column":0},"end":{"line":34,"column":2}},"2":{"start":{"line":14,"column":6},"end":{"line":14,"column":74}},"3":{"start":{"line":15,"column":6},"end":{"line":15,"column":70}},"4":{"start":{"line":18,"column":2},"end":{"line":32,"column":5}},"5":{"start":{"line":33,"column":2},"end":{"line":33,"column":23}}},"fnMap":{"0":{"name":"(anonymous_0)","decl":{"start":{"line":5,"column":17},"end":{"line":5,"column":18}},"loc":{"start":{"line":5,"column":43},"end":{"line":34,"column":1}},"line":5},"1":{"name":"(anonymous_1)","decl":{"start":{"line":12,"column":4},"end":{"line":12,"column":5}},"loc":{"start":{"line":12,"column":29},"end":{"line":16,"column":5}},"line":12}},"branchMap":{},"s":{"0":1,"1":1,"2":1,"3":1,"4":1,"5":1},"f":{"0":1,"1":1},"b":{},"_coverageSchema":"1a1c01bbd47fc00a2c39e90264f33305004495a9","hash":"68985ecbf4827fac3d611d4996c8ed77a851b9f8"}
,"C:\\Users\\NEST\\Documents\\daikin-api\\models\\generic.js": {"path":"C:\\Users\\NEST\\Documents\\daikin-api\\models\\generic.js","statementMap":{"0":{"start":{"line":4,"column":4},"end":{"line":4,"column":24}},"1":{"start":{"line":5,"column":0},"end":{"line":34,"column":2}},"2":{"start":{"line":14,"column":6},"end":{"line":14,"column":113}},"3":{"start":{"line":17,"column":2},"end":{"line":32,"column":5}},"4":{"start":{"line":33,"column":2},"end":{"line":33,"column":17}}},"fnMap":{"0":{"name":"(anonymous_0)","decl":{"start":{"line":5,"column":17},"end":{"line":5,"column":18}},"loc":{"start":{"line":5,"column":43},"end":{"line":34,"column":1}},"line":5},"1":{"name":"(anonymous_1)","decl":{"start":{"line":12,"column":4},"end":{"line":12,"column":5}},"loc":{"start":{"line":12,"column":29},"end":{"line":15,"column":5}},"line":12}},"branchMap":{},"s":{"0":1,"1":1,"2":1,"3":1,"4":1},"f":{"0":1,"1":1},"b":{},"_coverageSchema":"1a1c01bbd47fc00a2c39e90264f33305004495a9","hash":"ed1745226316c0fd926eaaa23b9efcc0a8b269a0"}
,"C:\\Users\\NEST\\Documents\\daikin-api\\models\\genericfile.js": {"path":"C:\\Users\\NEST\\Documents\\daikin-api\\models\\genericfile.js","statementMap":{"0":{"start":{"line":4,"column":4},"end":{"line":4,"column":24}},"1":{"start":{"line":5,"column":0},"end":{"line":35,"column":2}},"2":{"start":{"line":14,"column":6},"end":{"line":14,"column":68}},"3":{"start":{"line":17,"column":2},"end":{"line":33,"column":5}},"4":{"start":{"line":34,"column":2},"end":{"line":34,"column":21}}},"fnMap":{"0":{"name":"(anonymous_0)","decl":{"start":{"line":5,"column":17},"end":{"line":5,"column":18}},"loc":{"start":{"line":5,"column":43},"end":{"line":35,"column":1}},"line":5},"1":{"name":"(anonymous_1)","decl":{"start":{"line":12,"column":4},"end":{"line":12,"column":5}},"loc":{"start":{"line":12,"column":29},"end":{"line":15,"column":5}},"line":12}},"branchMap":{},"s":{"0":1,"1":1,"2":1,"3":1,"4":1},"f":{"0":1,"1":1},"b":{},"_coverageSchema":"1a1c01bbd47fc00a2c39e90264f33305004495a9","hash":"abee5f95fa490dc517da46d484e606c946997eee"}
,"C:\\Users\\NEST\\Documents\\daikin-api\\models\\genericlist.js": {"path":"C:\\Users\\NEST\\Documents\\daikin-api\\models\\genericlist.js","statementMap":{"0":{"start":{"line":4,"column":4},"end":{"line":4,"column":24}},"1":{"start":{"line":5,"column":0},"end":{"line":33,"column":2}},"2":{"start":{"line":14,"column":6},"end":{"line":14,"column":78}},"3":{"start":{"line":15,"column":6},"end":{"line":15,"column":84}},"4":{"start":{"line":18,"column":2},"end":{"line":31,"column":5}},"5":{"start":{"line":32,"column":2},"end":{"line":32,"column":21}}},"fnMap":{"0":{"name":"(anonymous_0)","decl":{"start":{"line":5,"column":17},"end":{"line":5,"column":18}},"loc":{"start":{"line":5,"column":43},"end":{"line":33,"column":1}},"line":5},"1":{"name":"(anonymous_1)","decl":{"start":{"line":12,"column":4},"end":{"line":12,"column":5}},"loc":{"start":{"line":12,"column":29},"end":{"line":16,"column":5}},"line":12}},"branchMap":{},"s":{"0":1,"1":1,"2":1,"3":1,"4":1,"5":1},"f":{"0":1,"1":1},"b":{},"_coverageSchema":"1a1c01bbd47fc00a2c39e90264f33305004495a9","hash":"89f1b2f143ccd0d64633478ced3659c27245da28"}
,"C:\\Users\\NEST\\Documents\\daikin-api\\models\\genericsubtype.js": {"path":"C:\\Users\\NEST\\Documents\\daikin-api\\models\\genericsubtype.js","statementMap":{"0":{"start":{"line":4,"column":4},"end":{"line":4,"column":24}},"1":{"start":{"line":5,"column":0},"end":{"line":35,"column":2}},"2":{"start":{"line":14,"column":6},"end":{"line":14,"column":124}},"3":{"start":{"line":15,"column":6},"end":{"line":15,"column":75}},"4":{"start":{"line":18,"column":2},"end":{"line":33,"column":5}},"5":{"start":{"line":34,"column":2},"end":{"line":34,"column":24}}},"fnMap":{"0":{"name":"(anonymous_0)","decl":{"start":{"line":5,"column":17},"end":{"line":5,"column":18}},"loc":{"start":{"line":5,"column":43},"end":{"line":35,"column":1}},"line":5},"1":{"name":"(anonymous_1)","decl":{"start":{"line":12,"column":4},"end":{"line":12,"column":5}},"loc":{"start":{"line":12,"column":29},"end":{"line":16,"column":5}},"line":12}},"branchMap":{},"s":{"0":1,"1":1,"2":1,"3":1,"4":1,"5":1},"f":{"0":1,"1":1},"b":{},"_coverageSchema":"1a1c01bbd47fc00a2c39e90264f33305004495a9","hash":"340bbeb19f29d068b12c68686fb5ce3be3d194a7"}
,"C:\\Users\\NEST\\Documents\\daikin-api\\models\\index.js": {"path":"C:\\Users\\NEST\\Documents\\daikin-api\\models\\index.js","statementMap":{"0":{"start":{"line":3,"column":11},"end":{"line":3,"column":24}},"1":{"start":{"line":4,"column":13},"end":{"line":4,"column":28}},"2":{"start":{"line":5,"column":18},"end":{"line":5,"column":38}},"3":{"start":{"line":6,"column":17},"end":{"line":6,"column":42}},"4":{"start":{"line":7,"column":12},"end":{"line":7,"column":49}},"5":{"start":{"line":8,"column":15},"end":{"line":8,"column":66}},"6":{"start":{"line":9,"column":11},"end":{"line":9,"column":13}},"7":{"start":{"line":12,"column":0},"end":{"line":16,"column":1}},"8":{"start":{"line":13,"column":2},"end":{"line":13,"column":74}},"9":{"start":{"line":15,"column":2},"end":{"line":15,"column":87}},"10":{"start":{"line":18,"column":0},"end":{"line":26,"column":5}},"11":{"start":{"line":21,"column":4},"end":{"line":21,"column":90}},"12":{"start":{"line":24,"column":18},"end":{"line":24,"column":85}},"13":{"start":{"line":25,"column":4},"end":{"line":25,"column":27}},"14":{"start":{"line":28,"column":0},"end":{"line":32,"column":3}},"15":{"start":{"line":29,"column":2},"end":{"line":31,"column":3}},"16":{"start":{"line":30,"column":4},"end":{"line":30,"column":32}},"17":{"start":{"line":35,"column":0},"end":{"line":47,"column":1}},"18":{"start":{"line":36,"column":2},"end":{"line":37,"column":13}},"19":{"start":{"line":37,"column":4},"end":{"line":37,"column":13}},"20":{"start":{"line":38,"column":2},"end":{"line":39,"column":13}},"21":{"start":{"line":39,"column":4},"end":{"line":39,"column":13}},"22":{"start":{"line":41,"column":2},"end":{"line":41,"column":72}},"23":{"start":{"line":42,"column":2},"end":{"line":46,"column":3}},"24":{"start":{"line":43,"column":4},"end":{"line":45,"column":5}},"25":{"start":{"line":44,"column":6},"end":{"line":44,"column":97}},"26":{"start":{"line":49,"column":0},"end":{"line":49,"column":25}},"27":{"start":{"line":50,"column":0},"end":{"line":50,"column":25}},"28":{"start":{"line":52,"column":0},"end":{"line":52,"column":20}}},"fnMap":{"0":{"name":"(anonymous_0)","decl":{"start":{"line":20,"column":10},"end":{"line":20,"column":11}},"loc":{"start":{"line":20,"column":18},"end":{"line":22,"column":3}},"line":20},"1":{"name":"(anonymous_1)","decl":{"start":{"line":23,"column":11},"end":{"line":23,"column":12}},"loc":{"start":{"line":23,"column":19},"end":{"line":26,"column":3}},"line":23},"2":{"name":"(anonymous_2)","decl":{"start":{"line":28,"column":24},"end":{"line":28,"column":25}},"loc":{"start":{"line":28,"column":37},"end":{"line":32,"column":1}},"line":28}},"branchMap":{"0":{"loc":{"start":{"line":7,"column":12},"end":{"line":7,"column":49}},"type":"binary-expr","locations":[{"start":{"line":7,"column":12},"end":{"line":7,"column":32}},{"start":{"line":7,"column":36},"end":{"line":7,"column":49}}],"line":7},"1":{"loc":{"start":{"line":12,"column":0},"end":{"line":16,"column":1}},"type":"if","locations":[{"start":{"line":12,"column":0},"end":{"line":16,"column":1}},{"start":{"line":14,"column":7},"end":{"line":16,"column":1}}],"line":12},"2":{"loc":{"start":{"line":21,"column":11},"end":{"line":21,"column":89}},"type":"binary-expr","locations":[{"start":{"line":21,"column":12},"end":{"line":21,"column":35}},{"start":{"line":21,"column":41},"end":{"line":21,"column":58}},{"start":{"line":21,"column":64},"end":{"line":21,"column":88}}],"line":21},"3":{"loc":{"start":{"line":29,"column":2},"end":{"line":31,"column":3}},"type":"if","locations":[{"start":{"line":29,"column":2},"end":{"line":31,"column":3}},{"start":{},"end":{}}],"line":29},"4":{"loc":{"start":{"line":36,"column":2},"end":{"line":37,"column":13}},"type":"if","locations":[{"start":{"line":36,"column":2},"end":{"line":37,"column":13}},{"start":{},"end":{}}],"line":36},"5":{"loc":{"start":{"line":38,"column":2},"end":{"line":39,"column":13}},"type":"if","locations":[{"start":{"line":38,"column":2},"end":{"line":39,"column":13}},{"start":{},"end":{}}],"line":38}},"s":{"0":1,"1":1,"2":1,"3":1,"4":1,"5":1,"6":1,"7":1,"8":0,"9":1,"10":1,"11":32,"12":31,"13":31,"14":1,"15":31,"16":31,"17":1,"18":31,"19":0,"20":31,"21":0,"22":31,"23":31,"24":29,"25":157,"26":1,"27":1,"28":1},"f":{"0":32,"1":31,"2":31},"b":{"0":[1,0],"1":[0,1],"2":[32,32,31],"3":[31,0],"4":[0,31],"5":[0,31]},"_coverageSchema":"1a1c01bbd47fc00a2c39e90264f33305004495a9","hash":"4c619d88aedbec5ea902dc2c9a2bc45a8bee2adc"}
,"C:\\Users\\NEST\\Documents\\daikin-api\\models\\language.js": {"path":"C:\\Users\\NEST\\Documents\\daikin-api\\models\\language.js","statementMap":{"0":{"start":{"line":4,"column":4},"end":{"line":4,"column":24}},"1":{"start":{"line":5,"column":0},"end":{"line":29,"column":2}},"2":{"start":{"line":16,"column":2},"end":{"line":27,"column":5}},"3":{"start":{"line":28,"column":2},"end":{"line":28,"column":18}}},"fnMap":{"0":{"name":"(anonymous_0)","decl":{"start":{"line":5,"column":17},"end":{"line":5,"column":18}},"loc":{"start":{"line":5,"column":43},"end":{"line":29,"column":1}},"line":5},"1":{"name":"(anonymous_1)","decl":{"start":{"line":12,"column":4},"end":{"line":12,"column":5}},"loc":{"start":{"line":12,"column":29},"end":{"line":14,"column":5}},"line":12}},"branchMap":{},"s":{"0":1,"1":1,"2":1,"3":1},"f":{"0":1,"1":1},"b":{},"_coverageSchema":"1a1c01bbd47fc00a2c39e90264f33305004495a9","hash":"8f5c834337885fdac1c637219e43b48e6804e018"}
,"C:\\Users\\NEST\\Documents\\daikin-api\\models\\menulist.js": {"path":"C:\\Users\\NEST\\Documents\\daikin-api\\models\\menulist.js","statementMap":{"0":{"start":{"line":4,"column":4},"end":{"line":4,"column":24}},"1":{"start":{"line":5,"column":0},"end":{"line":32,"column":2}},"2":{"start":{"line":16,"column":2},"end":{"line":30,"column":5}},"3":{"start":{"line":31,"column":2},"end":{"line":31,"column":18}}},"fnMap":{"0":{"name":"(anonymous_0)","decl":{"start":{"line":5,"column":17},"end":{"line":5,"column":18}},"loc":{"start":{"line":5,"column":43},"end":{"line":32,"column":1}},"line":5},"1":{"name":"(anonymous_1)","decl":{"start":{"line":12,"column":4},"end":{"line":12,"column":5}},"loc":{"start":{"line":12,"column":29},"end":{"line":14,"column":5}},"line":12}},"branchMap":{},"s":{"0":1,"1":1,"2":1,"3":1},"f":{"0":1,"1":1},"b":{},"_coverageSchema":"1a1c01bbd47fc00a2c39e90264f33305004495a9","hash":"47d0a1de7d18999e65f6c40b769989a096aa1d39"}
,"C:\\Users\\NEST\\Documents\\daikin-api\\models\\model.js": {"path":"C:\\Users\\NEST\\Documents\\daikin-api\\models\\model.js","statementMap":{"0":{"start":{"line":2,"column":23},"end":{"line":2,"column":49}},"1":{"start":{"line":3,"column":0},"end":{"line":33,"column":2}},"2":{"start":{"line":12,"column":6},"end":{"line":12,"column":104}},"3":{"start":{"line":16,"column":2},"end":{"line":31,"column":5}},"4":{"start":{"line":32,"column":2},"end":{"line":32,"column":15}}},"fnMap":{"0":{"name":"(anonymous_0)","decl":{"start":{"line":3,"column":17},"end":{"line":3,"column":18}},"loc":{"start":{"line":3,"column":43},"end":{"line":33,"column":1}},"line":3},"1":{"name":"(anonymous_1)","decl":{"start":{"line":10,"column":4},"end":{"line":10,"column":5}},"loc":{"start":{"line":10,"column":29},"end":{"line":14,"column":5}},"line":10}},"branchMap":{},"s":{"0":1,"1":1,"2":1,"3":1,"4":1},"f":{"0":1,"1":1},"b":{},"_coverageSchema":"1a1c01bbd47fc00a2c39e90264f33305004495a9","hash":"c3aa8b648bd8ba0ef4c7b7bfa656171b0ea61dd0"}
,"C:\\Users\\NEST\\Documents\\daikin-api\\models\\modelfile.js": {"path":"C:\\Users\\NEST\\Documents\\daikin-api\\models\\modelfile.js","statementMap":{"0":{"start":{"line":4,"column":4},"end":{"line":4,"column":24}},"1":{"start":{"line":5,"column":0},"end":{"line":32,"column":2}},"2":{"start":{"line":14,"column":6},"end":{"line":14,"column":66}},"3":{"start":{"line":17,"column":2},"end":{"line":30,"column":5}},"4":{"start":{"line":31,"column":2},"end":{"line":31,"column":19}}},"fnMap":{"0":{"name":"(anonymous_0)","decl":{"start":{"line":5,"column":17},"end":{"line":5,"column":18}},"loc":{"start":{"line":5,"column":43},"end":{"line":32,"column":1}},"line":5},"1":{"name":"(anonymous_1)","decl":{"start":{"line":12,"column":4},"end":{"line":12,"column":5}},"loc":{"start":{"line":12,"column":29},"end":{"line":15,"column":5}},"line":12}},"branchMap":{},"s":{"0":1,"1":1,"2":1,"3":1,"4":1},"f":{"0":1,"1":1},"b":{},"_coverageSchema":"1a1c01bbd47fc00a2c39e90264f33305004495a9","hash":"4be345a2bf196541122f0dfe0b3927993d29bdb7"}
,"C:\\Users\\NEST\\Documents\\daikin-api\\models\\modeltemplate.js": {"path":"C:\\Users\\NEST\\Documents\\daikin-api\\models\\modeltemplate.js","statementMap":{"0":{"start":{"line":4,"column":4},"end":{"line":4,"column":24}},"1":{"start":{"line":5,"column":0},"end":{"line":31,"column":2}},"2":{"start":{"line":16,"column":2},"end":{"line":29,"column":5}},"3":{"start":{"line":30,"column":2},"end":{"line":30,"column":23}}},"fnMap":{"0":{"name":"(anonymous_0)","decl":{"start":{"line":5,"column":17},"end":{"line":5,"column":18}},"loc":{"start":{"line":5,"column":43},"end":{"line":31,"column":1}},"line":5},"1":{"name":"(anonymous_1)","decl":{"start":{"line":12,"column":4},"end":{"line":12,"column":5}},"loc":{"start":{"line":12,"column":29},"end":{"line":14,"column":5}},"line":12}},"branchMap":{},"s":{"0":1,"1":1,"2":1,"3":1},"f":{"0":1,"1":1},"b":{},"_coverageSchema":"1a1c01bbd47fc00a2c39e90264f33305004495a9","hash":"f859200c1e353db156da3af827e004a05fdf880e"}
,"C:\\Users\\NEST\\Documents\\daikin-api\\models\\pendingproposal.js": {"path":"C:\\Users\\NEST\\Documents\\daikin-api\\models\\pendingproposal.js","statementMap":{"0":{"start":{"line":4,"column":4},"end":{"line":4,"column":24}},"1":{"start":{"line":5,"column":0},"end":{"line":33,"column":2}},"2":{"start":{"line":16,"column":2},"end":{"line":31,"column":5}},"3":{"start":{"line":32,"column":2},"end":{"line":32,"column":25}}},"fnMap":{"0":{"name":"(anonymous_0)","decl":{"start":{"line":5,"column":17},"end":{"line":5,"column":18}},"loc":{"start":{"line":5,"column":43},"end":{"line":33,"column":1}},"line":5},"1":{"name":"(anonymous_1)","decl":{"start":{"line":12,"column":4},"end":{"line":12,"column":5}},"loc":{"start":{"line":12,"column":29},"end":{"line":14,"column":5}},"line":12}},"branchMap":{},"s":{"0":1,"1":1,"2":1,"3":1},"f":{"0":1,"1":1},"b":{},"_coverageSchema":"1a1c01bbd47fc00a2c39e90264f33305004495a9","hash":"961cd9153e090a6a03dda9309dcc77ee4d3b1b83"}
,"C:\\Users\\NEST\\Documents\\daikin-api\\models\\pendinguser.js": {"path":"C:\\Users\\NEST\\Documents\\daikin-api\\models\\pendinguser.js","statementMap":{"0":{"start":{"line":4,"column":4},"end":{"line":4,"column":24}},"1":{"start":{"line":5,"column":0},"end":{"line":50,"column":2}},"2":{"start":{"line":16,"column":2},"end":{"line":48,"column":5}},"3":{"start":{"line":49,"column":2},"end":{"line":49,"column":21}}},"fnMap":{"0":{"name":"(anonymous_0)","decl":{"start":{"line":5,"column":17},"end":{"line":5,"column":18}},"loc":{"start":{"line":5,"column":43},"end":{"line":50,"column":1}},"line":5},"1":{"name":"(anonymous_1)","decl":{"start":{"line":12,"column":4},"end":{"line":12,"column":5}},"loc":{"start":{"line":12,"column":29},"end":{"line":14,"column":5}},"line":12}},"branchMap":{},"s":{"0":1,"1":1,"2":1,"3":1},"f":{"0":1,"1":1},"b":{},"_coverageSchema":"1a1c01bbd47fc00a2c39e90264f33305004495a9","hash":"54eebcb5cf6935675b350ea8113eeb77ac7a79a2"}
,"C:\\Users\\NEST\\Documents\\daikin-api\\models\\position.js": {"path":"C:\\Users\\NEST\\Documents\\daikin-api\\models\\position.js","statementMap":{"0":{"start":{"line":4,"column":4},"end":{"line":4,"column":24}},"1":{"start":{"line":5,"column":0},"end":{"line":32,"column":2}},"2":{"start":{"line":16,"column":2},"end":{"line":30,"column":5}},"3":{"start":{"line":31,"column":2},"end":{"line":31,"column":18}}},"fnMap":{"0":{"name":"(anonymous_0)","decl":{"start":{"line":5,"column":17},"end":{"line":5,"column":18}},"loc":{"start":{"line":5,"column":43},"end":{"line":32,"column":1}},"line":5},"1":{"name":"(anonymous_1)","decl":{"start":{"line":12,"column":4},"end":{"line":12,"column":5}},"loc":{"start":{"line":12,"column":29},"end":{"line":14,"column":5}},"line":12}},"branchMap":{},"s":{"0":1,"1":1,"2":1,"3":1},"f":{"0":1,"1":1},"b":{},"_coverageSchema":"1a1c01bbd47fc00a2c39e90264f33305004495a9","hash":"69e2f57955017f905620a99655062f5b0db9a6eb"}
,"C:\\Users\\NEST\\Documents\\daikin-api\\models\\projectprofile.js": {"path":"C:\\Users\\NEST\\Documents\\daikin-api\\models\\projectprofile.js","statementMap":{"0":{"start":{"line":4,"column":4},"end":{"line":4,"column":24}},"1":{"start":{"line":5,"column":0},"end":{"line":31,"column":2}},"2":{"start":{"line":16,"column":2},"end":{"line":29,"column":5}},"3":{"start":{"line":30,"column":2},"end":{"line":30,"column":24}}},"fnMap":{"0":{"name":"(anonymous_0)","decl":{"start":{"line":5,"column":17},"end":{"line":5,"column":18}},"loc":{"start":{"line":5,"column":43},"end":{"line":31,"column":1}},"line":5},"1":{"name":"(anonymous_1)","decl":{"start":{"line":12,"column":4},"end":{"line":12,"column":5}},"loc":{"start":{"line":12,"column":29},"end":{"line":14,"column":5}},"line":12}},"branchMap":{},"s":{"0":1,"1":1,"2":1,"3":1},"f":{"0":1,"1":1},"b":{},"_coverageSchema":"1a1c01bbd47fc00a2c39e90264f33305004495a9","hash":"0187e83188deac7a9db350715e90fc5d90aabdc6"}
,"C:\\Users\\NEST\\Documents\\daikin-api\\models\\projectsectionlist.js": {"path":"C:\\Users\\NEST\\Documents\\daikin-api\\models\\projectsectionlist.js","statementMap":{"0":{"start":{"line":4,"column":4},"end":{"line":4,"column":24}},"1":{"start":{"line":5,"column":0},"end":{"line":30,"column":2}},"2":{"start":{"line":16,"column":2},"end":{"line":28,"column":5}},"3":{"start":{"line":29,"column":2},"end":{"line":29,"column":28}}},"fnMap":{"0":{"name":"(anonymous_0)","decl":{"start":{"line":5,"column":17},"end":{"line":5,"column":18}},"loc":{"start":{"line":5,"column":43},"end":{"line":30,"column":1}},"line":5},"1":{"name":"(anonymous_1)","decl":{"start":{"line":12,"column":4},"end":{"line":12,"column":5}},"loc":{"start":{"line":12,"column":29},"end":{"line":14,"column":5}},"line":12}},"branchMap":{},"s":{"0":1,"1":1,"2":1,"3":1},"f":{"0":1,"1":1},"b":{},"_coverageSchema":"1a1c01bbd47fc00a2c39e90264f33305004495a9","hash":"0c7d6d3224fe74a04d5e03c342b92542665bf9fd"}
,"C:\\Users\\NEST\\Documents\\daikin-api\\models\\proposal.js": {"path":"C:\\Users\\NEST\\Documents\\daikin-api\\models\\proposal.js","statementMap":{"0":{"start":{"line":4,"column":4},"end":{"line":4,"column":24}},"1":{"start":{"line":5,"column":0},"end":{"line":44,"column":2}},"2":{"start":{"line":14,"column":6},"end":{"line":14,"column":72}},"3":{"start":{"line":15,"column":6},"end":{"line":15,"column":69}},"4":{"start":{"line":16,"column":6},"end":{"line":16,"column":76}},"5":{"start":{"line":17,"column":6},"end":{"line":17,"column":70}},"6":{"start":{"line":20,"column":2},"end":{"line":42,"column":5}},"7":{"start":{"line":43,"column":2},"end":{"line":43,"column":18}}},"fnMap":{"0":{"name":"(anonymous_0)","decl":{"start":{"line":5,"column":17},"end":{"line":5,"column":18}},"loc":{"start":{"line":5,"column":43},"end":{"line":44,"column":1}},"line":5},"1":{"name":"(anonymous_1)","decl":{"start":{"line":12,"column":4},"end":{"line":12,"column":5}},"loc":{"start":{"line":12,"column":29},"end":{"line":18,"column":5}},"line":12}},"branchMap":{},"s":{"0":1,"1":1,"2":1,"3":1,"4":1,"5":1,"6":1,"7":1},"f":{"0":1,"1":1},"b":{},"_coverageSchema":"1a1c01bbd47fc00a2c39e90264f33305004495a9","hash":"1140ee2e6798b117b81ac6758e319b010ad1514b"}
,"C:\\Users\\NEST\\Documents\\daikin-api\\models\\proposalsequence.js": {"path":"C:\\Users\\NEST\\Documents\\daikin-api\\models\\proposalsequence.js","statementMap":{"0":{"start":{"line":4,"column":4},"end":{"line":4,"column":24}},"1":{"start":{"line":5,"column":0},"end":{"line":28,"column":2}},"2":{"start":{"line":16,"column":2},"end":{"line":26,"column":5}},"3":{"start":{"line":27,"column":2},"end":{"line":27,"column":26}}},"fnMap":{"0":{"name":"(anonymous_0)","decl":{"start":{"line":5,"column":17},"end":{"line":5,"column":18}},"loc":{"start":{"line":5,"column":43},"end":{"line":28,"column":1}},"line":5},"1":{"name":"(anonymous_1)","decl":{"start":{"line":12,"column":4},"end":{"line":12,"column":5}},"loc":{"start":{"line":12,"column":29},"end":{"line":14,"column":5}},"line":12}},"branchMap":{},"s":{"0":1,"1":1,"2":1,"3":1},"f":{"0":1,"1":1},"b":{},"_coverageSchema":"1a1c01bbd47fc00a2c39e90264f33305004495a9","hash":"4d1abd6f659fdf08b2b3773f61100c5828737542"}
,"C:\\Users\\NEST\\Documents\\daikin-api\\models\\role.js": {"path":"C:\\Users\\NEST\\Documents\\daikin-api\\models\\role.js","statementMap":{"0":{"start":{"line":4,"column":4},"end":{"line":4,"column":24}},"1":{"start":{"line":5,"column":0},"end":{"line":38,"column":2}},"2":{"start":{"line":14,"column":6},"end":{"line":18,"column":8}},"3":{"start":{"line":19,"column":6},"end":{"line":19,"column":99}},"4":{"start":{"line":22,"column":2},"end":{"line":36,"column":5}},"5":{"start":{"line":37,"column":2},"end":{"line":37,"column":14}}},"fnMap":{"0":{"name":"(anonymous_0)","decl":{"start":{"line":5,"column":17},"end":{"line":5,"column":18}},"loc":{"start":{"line":5,"column":43},"end":{"line":38,"column":1}},"line":5},"1":{"name":"(anonymous_1)","decl":{"start":{"line":12,"column":4},"end":{"line":12,"column":5}},"loc":{"start":{"line":12,"column":29},"end":{"line":20,"column":5}},"line":12}},"branchMap":{},"s":{"0":1,"1":1,"2":1,"3":1,"4":1,"5":1},"f":{"0":1,"1":1},"b":{},"_coverageSchema":"1a1c01bbd47fc00a2c39e90264f33305004495a9","hash":"19aaa09db1bcb01c78792b79cd276a058240c673"}
,"C:\\Users\\NEST\\Documents\\daikin-api\\models\\section.js": {"path":"C:\\Users\\NEST\\Documents\\daikin-api\\models\\section.js","statementMap":{"0":{"start":{"line":4,"column":4},"end":{"line":4,"column":24}},"1":{"start":{"line":5,"column":0},"end":{"line":31,"column":2}},"2":{"start":{"line":16,"column":2},"end":{"line":29,"column":5}},"3":{"start":{"line":30,"column":2},"end":{"line":30,"column":17}}},"fnMap":{"0":{"name":"(anonymous_0)","decl":{"start":{"line":5,"column":17},"end":{"line":5,"column":18}},"loc":{"start":{"line":5,"column":43},"end":{"line":31,"column":1}},"line":5},"1":{"name":"(anonymous_1)","decl":{"start":{"line":12,"column":4},"end":{"line":12,"column":5}},"loc":{"start":{"line":12,"column":29},"end":{"line":14,"column":5}},"line":12}},"branchMap":{},"s":{"0":1,"1":1,"2":1,"3":1},"f":{"0":1,"1":1},"b":{},"_coverageSchema":"1a1c01bbd47fc00a2c39e90264f33305004495a9","hash":"aec6c9b1a0816b6ced09f41959cadf57192f40ba"}
,"C:\\Users\\NEST\\Documents\\daikin-api\\models\\series.js": {"path":"C:\\Users\\NEST\\Documents\\daikin-api\\models\\series.js","statementMap":{"0":{"start":{"line":4,"column":4},"end":{"line":4,"column":24}},"1":{"start":{"line":5,"column":0},"end":{"line":35,"column":2}},"2":{"start":{"line":14,"column":6},"end":{"line":14,"column":107}},"3":{"start":{"line":15,"column":6},"end":{"line":15,"column":64}},"4":{"start":{"line":18,"column":2},"end":{"line":33,"column":5}},"5":{"start":{"line":34,"column":2},"end":{"line":34,"column":16}}},"fnMap":{"0":{"name":"(anonymous_0)","decl":{"start":{"line":5,"column":17},"end":{"line":5,"column":18}},"loc":{"start":{"line":5,"column":43},"end":{"line":35,"column":1}},"line":5},"1":{"name":"(anonymous_1)","decl":{"start":{"line":12,"column":4},"end":{"line":12,"column":5}},"loc":{"start":{"line":12,"column":29},"end":{"line":16,"column":5}},"line":12}},"branchMap":{},"s":{"0":1,"1":1,"2":1,"3":1,"4":1,"5":1},"f":{"0":1,"1":1},"b":{},"_coverageSchema":"1a1c01bbd47fc00a2c39e90264f33305004495a9","hash":"076be4412dbacfdfe9ea79ff5aa1b6408ada7a25"}
,"C:\\Users\\NEST\\Documents\\daikin-api\\models\\seriesfile.js": {"path":"C:\\Users\\NEST\\Documents\\daikin-api\\models\\seriesfile.js","statementMap":{"0":{"start":{"line":4,"column":4},"end":{"line":4,"column":24}},"1":{"start":{"line":5,"column":0},"end":{"line":31,"column":2}},"2":{"start":{"line":14,"column":6},"end":{"line":14,"column":67}},"3":{"start":{"line":17,"column":2},"end":{"line":29,"column":5}},"4":{"start":{"line":30,"column":2},"end":{"line":30,"column":20}}},"fnMap":{"0":{"name":"(anonymous_0)","decl":{"start":{"line":5,"column":17},"end":{"line":5,"column":18}},"loc":{"start":{"line":5,"column":43},"end":{"line":31,"column":1}},"line":5},"1":{"name":"(anonymous_1)","decl":{"start":{"line":12,"column":4},"end":{"line":12,"column":5}},"loc":{"start":{"line":12,"column":29},"end":{"line":15,"column":5}},"line":12}},"branchMap":{},"s":{"0":1,"1":1,"2":1,"3":1,"4":1},"f":{"0":1,"1":1},"b":{},"_coverageSchema":"1a1c01bbd47fc00a2c39e90264f33305004495a9","hash":"1382c7b9c6bc0983c1ed31106fd7a9ee4f1327f2"}
,"C:\\Users\\NEST\\Documents\\daikin-api\\models\\seriestemplate.js": {"path":"C:\\Users\\NEST\\Documents\\daikin-api\\models\\seriestemplate.js","statementMap":{"0":{"start":{"line":4,"column":4},"end":{"line":4,"column":24}},"1":{"start":{"line":5,"column":0},"end":{"line":31,"column":2}},"2":{"start":{"line":16,"column":2},"end":{"line":29,"column":5}},"3":{"start":{"line":30,"column":2},"end":{"line":30,"column":24}}},"fnMap":{"0":{"name":"(anonymous_0)","decl":{"start":{"line":5,"column":17},"end":{"line":5,"column":18}},"loc":{"start":{"line":5,"column":43},"end":{"line":31,"column":1}},"line":5},"1":{"name":"(anonymous_1)","decl":{"start":{"line":12,"column":4},"end":{"line":12,"column":5}},"loc":{"start":{"line":12,"column":29},"end":{"line":14,"column":5}},"line":12}},"branchMap":{},"s":{"0":1,"1":1,"2":1,"3":1},"f":{"0":1,"1":1},"b":{},"_coverageSchema":"1a1c01bbd47fc00a2c39e90264f33305004495a9","hash":"bbc5fa8a83a46b531d38874d0f24d2030d374247"}
,"C:\\Users\\NEST\\Documents\\daikin-api\\models\\userlogs.js": {"path":"C:\\Users\\NEST\\Documents\\daikin-api\\models\\userlogs.js","statementMap":{"0":{"start":{"line":4,"column":4},"end":{"line":4,"column":24}},"1":{"start":{"line":5,"column":0},"end":{"line":34,"column":2}},"2":{"start":{"line":14,"column":6},"end":{"line":14,"column":73}},"3":{"start":{"line":17,"column":2},"end":{"line":32,"column":5}},"4":{"start":{"line":33,"column":2},"end":{"line":33,"column":18}}},"fnMap":{"0":{"name":"(anonymous_0)","decl":{"start":{"line":5,"column":17},"end":{"line":5,"column":18}},"loc":{"start":{"line":5,"column":43},"end":{"line":34,"column":1}},"line":5},"1":{"name":"(anonymous_1)","decl":{"start":{"line":12,"column":4},"end":{"line":12,"column":5}},"loc":{"start":{"line":12,"column":29},"end":{"line":15,"column":5}},"line":12}},"branchMap":{},"s":{"0":1,"1":1,"2":1,"3":1,"4":1},"f":{"0":1,"1":1},"b":{},"_coverageSchema":"1a1c01bbd47fc00a2c39e90264f33305004495a9","hash":"b4365e500b2cd28fb2010ef727a133c316e21df7"}
,"C:\\Users\\NEST\\Documents\\daikin-api\\models\\usermember.js": {"path":"C:\\Users\\NEST\\Documents\\daikin-api\\models\\usermember.js","statementMap":{"0":{"start":{"line":4,"column":4},"end":{"line":4,"column":24}},"1":{"start":{"line":5,"column":0},"end":{"line":60,"column":2}},"2":{"start":{"line":14,"column":6},"end":{"line":18,"column":8}},"3":{"start":{"line":21,"column":6},"end":{"line":21,"column":66}},"4":{"start":{"line":22,"column":6},"end":{"line":22,"column":78}},"5":{"start":{"line":25,"column":6},"end":{"line":25,"column":70}},"6":{"start":{"line":28,"column":2},"end":{"line":58,"column":5}},"7":{"start":{"line":59,"column":2},"end":{"line":59,"column":20}}},"fnMap":{"0":{"name":"(anonymous_0)","decl":{"start":{"line":5,"column":17},"end":{"line":5,"column":18}},"loc":{"start":{"line":5,"column":43},"end":{"line":60,"column":1}},"line":5},"1":{"name":"(anonymous_1)","decl":{"start":{"line":12,"column":4},"end":{"line":12,"column":5}},"loc":{"start":{"line":12,"column":29},"end":{"line":23,"column":5}},"line":12},"2":{"name":"(anonymous_2)","decl":{"start":{"line":24,"column":4},"end":{"line":24,"column":5}},"loc":{"start":{"line":24,"column":18},"end":{"line":26,"column":5}},"line":24}},"branchMap":{},"s":{"0":1,"1":1,"2":1,"3":1,"4":1,"5":0,"6":1,"7":1},"f":{"0":1,"1":1,"2":0},"b":{},"_coverageSchema":"1a1c01bbd47fc00a2c39e90264f33305004495a9","hash":"f66a46389d6424fdf1a74b628710d3937defccc2"}
,"C:\\Users\\NEST\\Documents\\daikin-api\\models\\userprefix.js": {"path":"C:\\Users\\NEST\\Documents\\daikin-api\\models\\userprefix.js","statementMap":{"0":{"start":{"line":4,"column":4},"end":{"line":4,"column":24}},"1":{"start":{"line":5,"column":0},"end":{"line":29,"column":2}},"2":{"start":{"line":16,"column":2},"end":{"line":27,"column":5}},"3":{"start":{"line":28,"column":2},"end":{"line":28,"column":20}}},"fnMap":{"0":{"name":"(anonymous_0)","decl":{"start":{"line":5,"column":17},"end":{"line":5,"column":18}},"loc":{"start":{"line":5,"column":43},"end":{"line":29,"column":1}},"line":5},"1":{"name":"(anonymous_1)","decl":{"start":{"line":12,"column":4},"end":{"line":12,"column":5}},"loc":{"start":{"line":12,"column":29},"end":{"line":14,"column":5}},"line":12}},"branchMap":{},"s":{"0":1,"1":1,"2":1,"3":1},"f":{"0":1,"1":1},"b":{},"_coverageSchema":"1a1c01bbd47fc00a2c39e90264f33305004495a9","hash":"65974f1cde58b2ac5ee6ee150f06822d42cc5e9d"}
,"C:\\Users\\NEST\\Documents\\daikin-api\\models\\userrole.js": {"path":"C:\\Users\\NEST\\Documents\\daikin-api\\models\\userrole.js","statementMap":{"0":{"start":{"line":4,"column":4},"end":{"line":4,"column":24}},"1":{"start":{"line":5,"column":0},"end":{"line":30,"column":2}},"2":{"start":{"line":16,"column":2},"end":{"line":28,"column":5}},"3":{"start":{"line":29,"column":2},"end":{"line":29,"column":18}}},"fnMap":{"0":{"name":"(anonymous_0)","decl":{"start":{"line":5,"column":17},"end":{"line":5,"column":18}},"loc":{"start":{"line":5,"column":43},"end":{"line":30,"column":1}},"line":5},"1":{"name":"(anonymous_1)","decl":{"start":{"line":12,"column":4},"end":{"line":12,"column":5}},"loc":{"start":{"line":12,"column":29},"end":{"line":14,"column":5}},"line":12}},"branchMap":{},"s":{"0":1,"1":1,"2":1,"3":1},"f":{"0":1,"1":1},"b":{},"_coverageSchema":"1a1c01bbd47fc00a2c39e90264f33305004495a9","hash":"573821db69d5ba7893f9013cd2ce4b5aef9c620a"}
}
